GAS LISTING /tmp/ccrVQiNo.s 			page 1


   1              		.file	"Resource.cpp"
   2              		.option pic
   3              		.option norelax
   4              		.text
   5              	.Ltext0:
   6              	.Letext0:
   7              		.file 1 "src/../h/../lib/hw.h"
GAS LISTING /tmp/ccrVQiNo.s 			page 2


DEFINED SYMBOLS
                            *ABS*:0000000000000000 Resource.cpp
     /tmp/ccrVQiNo.s:142    .debug_abbrev:0000000000000000 .Ldebug_abbrev0
     /tmp/ccrVQiNo.s:309    .debug_str:00000000000000bc .LASF19
     /tmp/ccrVQiNo.s:307    .debug_str:00000000000000ab .LASF20
     /tmp/ccrVQiNo.s:321    .debug_str:00000000000001c8 .LASF21
     /tmp/ccrVQiNo.s:281    .debug_line:0000000000000000 .Ldebug_line0
     /tmp/ccrVQiNo.s:311    .debug_str:0000000000000180 .LASF0
     /tmp/ccrVQiNo.s:305    .debug_str:0000000000000098 .LASF1
     /tmp/ccrVQiNo.s:299    .debug_str:000000000000006c .LASF2
     /tmp/ccrVQiNo.s:289    .debug_str:0000000000000028 .LASF4
     /tmp/ccrVQiNo.s:303    .debug_str:0000000000000086 .LASF3
     /tmp/ccrVQiNo.s:285    .debug_str:0000000000000013 .LASF5
     /tmp/ccrVQiNo.s:283    .debug_str:0000000000000000 .LASF6
     /tmp/ccrVQiNo.s:295    .debug_str:000000000000004a .LASF7
     /tmp/ccrVQiNo.s:315    .debug_str:0000000000000192 .LASF8
     /tmp/ccrVQiNo.s:287    .debug_str:000000000000001a .LASF9
     /tmp/ccrVQiNo.s:325    .debug_str:0000000000000202 .LASF10
     /tmp/ccrVQiNo.s:297    .debug_str:000000000000005d .LASF11
     /tmp/ccrVQiNo.s:323    .debug_str:00000000000001f2 .LASF12
     /tmp/ccrVQiNo.s:319    .debug_str:00000000000001b8 .LASF13
     /tmp/ccrVQiNo.s:301    .debug_str:000000000000007a .LASF14
     /tmp/ccrVQiNo.s:293    .debug_str:0000000000000034 .LASF15
     /tmp/ccrVQiNo.s:317    .debug_str:00000000000001a2 .LASF16
     /tmp/ccrVQiNo.s:291    .debug_str:000000000000002f .LASF17
     /tmp/ccrVQiNo.s:313    .debug_str:000000000000018d .LASF18
     /tmp/ccrVQiNo.s:9      .debug_info:0000000000000000 .Ldebug_info0

NO UNDEFINED SYMBOLS
